{"level":"info","message":"/api/images","service":"your-service-name","timestamp":"2021-07-23 08:26:33"}
{"level":"info","message":"<p>Please provide filename to be resized.</p><p>Please enter both width and height values.</p><p>Example: http://localhost:3000/api/images?filename=image1.jpg&width=100&height=100&overwrite=yes</p>","service":"your-service-name","timestamp":"2021-07-23 08:26:33"}
{"level":"info","message":"/api/images","service":"your-service-name","timestamp":"2021-07-23 08:27:49"}
{"level":"info","message":"/api/images","service":"your-service-name","timestamp":"2021-07-23 08:27:49"}
{"level":"info","message":"<p>Please provide filename to be resized.</p><p>Please enter both width and height values.</p><p>Example: http://localhost:3000/api/images?filename=image1.jpg&width=100&height=100&overwrite=yes</p>","service":"your-service-name","timestamp":"2021-07-23 08:27:49"}
{"level":"info","message":"/api/images","service":"your-service-name","timestamp":"2021-07-23 08:28:37"}
{"level":"info","message":"/api/images","service":"your-service-name","timestamp":"2021-07-23 08:28:37"}
{"level":"info","message":"<p>Please provide filename to be resized.</p><p>Please enter both width and height values.</p><p>Example: http://localhost:3000/api/images?filename=image1.jpg&width=100&height=100&overwrite=yes</p>","service":"your-service-name","timestamp":"2021-07-23 08:28:37"}
{"level":"info","message":"/api/images","service":"your-service-name","timestamp":"2021-07-23 08:28:48"}
{"level":"info","message":"/api/images?filename","service":"your-service-name","timestamp":"2021-07-23 08:28:48"}
{"level":"info","message":"<p>Please provide filename to be resized.</p><p>Please enter both width and height values.</p><p>Example: http://localhost:3000/api/images?filename=image1.jpg&width=100&height=100&overwrite=yes</p>","service":"your-service-name","timestamp":"2021-07-23 08:28:48"}
{"level":"info","message":"/api/images","service":"Image Processing API","timestamp":"2021-07-23 08:30:22"}
{"level":"info","message":"/api/images?filename","service":"Image Processing API","timestamp":"2021-07-23 08:30:22"}
{"level":"info","message":"<p>Please provide filename to be resized.</p><p>Please enter both width and height values.</p><p>Example: http://localhost:3000/api/images?filename=image1.jpg&width=100&height=100&overwrite=yes</p>","service":"Image Processing API","timestamp":"2021-07-23 08:30:22"}
{"level":"info","message":"/api/images","service":"Image Processing API","timestamp":"2021-07-23 08:39:45"}
{"level":"info","message":"/api/images?filename","service":"Image Processing API","timestamp":"2021-07-23 08:39:45"}
{"level":"info","message":"No filename providedNo width or height provided.","service":"Image Processing API","timestamp":"2021-07-23 08:39:45"}
{"level":"info","message":"/api/images","service":"Image Processing API","timestamp":"2021-07-23 08:40:35"}
{"level":"info","message":"/api/images?filename","service":"Image Processing API","timestamp":"2021-07-23 08:40:35"}
{"level":"info","message":"No filename provided. No width or height provided.","service":"Image Processing API","timestamp":"2021-07-23 08:40:35"}
{"level":"info","message":"/api/images","service":"Image Processing API","timestamp":"2021-07-23 08:48:45"}
{"level":"info","message":"/api/images?filename=fjord.jpg&width=100&height=100&overwrite=yes","service":"Image Processing API","timestamp":"2021-07-23 08:48:45"}
{"level":"info","message":"","service":"Image Processing API","timestamp":"2021-07-23 08:48:45"}
{"level":"info","message":"/api/images","service":"Image Processing API","timestamp":"2021-07-23 08:50:11"}
{"level":"info","message":"/api/images?filename=fjord.jpg&width=100&height=100&overwrite=yes","service":"Image Processing API","timestamp":"2021-07-23 08:50:11"}
{"level":"info","message":"","service":"Image Processing API","timestamp":"2021-07-23 08:50:11"}
{"level":"info","message":"/api/images","service":"Image Processing API","timestamp":"2021-07-23 08:51:14"}
{"level":"info","message":"/api/images?filename=fjord.jpg&width=100&height=100&overwrite=yes","service":"Image Processing API","timestamp":"2021-07-23 08:51:14"}
{"level":"info","message":"","service":"Image Processing API","timestamp":"2021-07-23 08:51:14"}
{"level":"info","message":"/api/images","service":"Image Processing API","timestamp":"2021-07-23 08:51:45"}
{"level":"info","message":"/api/images?filename=fjord.jpg&width=100&height=100&overwrite=yes","service":"Image Processing API","timestamp":"2021-07-23 08:51:45"}
{"level":"info","message":"","service":"Image Processing API","timestamp":"2021-07-23 08:51:45"}
{"level":"info","message":"/api/images","service":"Image Processing API","timestamp":"2021-07-23 08:51:46"}
{"level":"info","message":"/api/images?filename=fjord.jpg&width=100&height=100&overwrite=yes","service":"Image Processing API","timestamp":"2021-07-23 08:51:46"}
{"level":"info","message":"","service":"Image Processing API","timestamp":"2021-07-23 08:51:46"}
{"level":"info","message":"/api/images","service":"Image Processing API","timestamp":"2021-07-23 08:54:47"}
{"level":"info","message":"/api/images?filename=fjord.jpg&width=100&height=100&overwrite=yes","service":"Image Processing API","timestamp":"2021-07-23 08:54:47"}
{"level":"info","message":"","service":"Image Processing API","timestamp":"2021-07-23 08:54:47"}
{"level":"info","message":"/api/images","service":"Image Processing API","timestamp":"2021-07-23 08:55:26"}
{"level":"info","message":"/api/images?filename=fjord.jpg&width=100&height=100&overwrite=yes","service":"Image Processing API","timestamp":"2021-07-23 08:55:26"}
{"level":"info","message":"","service":"Image Processing API","timestamp":"2021-07-23 08:55:26"}
{"level":"info","message":"/api/images","service":"Image Processing API","timestamp":"2021-07-23 08:55:47"}
{"level":"info","message":"/api/images?filename=fjord.jpg&width=100&height=100&overwrite=yes","service":"Image Processing API","timestamp":"2021-07-23 08:55:47"}
{"level":"info","message":"","service":"Image Processing API","timestamp":"2021-07-23 08:55:47"}
{"level":"info","message":"/api/images","service":"Image Processing API","timestamp":"2021-07-23 08:56:11"}
{"level":"info","message":"/api/images?filename=fjord.jpg&width=100&height=100&overwrite=yes","service":"Image Processing API","timestamp":"2021-07-23 08:56:11"}
{"level":"info","message":"","service":"Image Processing API","timestamp":"2021-07-23 08:56:11"}
{"level":"info","message":"/api/images","service":"Image Processing API","timestamp":"2021-07-23 08:56:27"}
{"level":"info","message":"/api/images?filename=fjord.jpg&width=100&height=100&overwrite=yes","service":"Image Processing API","timestamp":"2021-07-23 08:56:27"}
{"level":"info","message":"","service":"Image Processing API","timestamp":"2021-07-23 08:56:27"}
{"level":"info","message":"/api/images","service":"Image Processing API","timestamp":"2021-07-23 08:57:00"}
{"level":"info","message":"/api/images?filename=fjord.jpg&width=100&height=100&overwrite=yes","service":"Image Processing API","timestamp":"2021-07-23 08:57:00"}
{"level":"info","message":"","service":"Image Processing API","timestamp":"2021-07-23 08:57:00"}
{"level":"info","message":"/api/images","service":"Image Processing API","timestamp":"2021-07-23 08:57:41"}
{"level":"info","message":"/api/images?filename=fjord.jpg&width=100&height=100&overwrite=yes","service":"Image Processing API","timestamp":"2021-07-23 08:57:41"}
{"level":"info","message":"","service":"Image Processing API","timestamp":"2021-07-23 08:57:41"}
{"level":"info","message":"/api/images","service":"Image Processing API","timestamp":"2021-07-23 08:59:51"}
{"level":"info","message":"/api/images?filename=fjord.jpg&width=100&height=100&overwrite=yes","service":"Image Processing API","timestamp":"2021-07-23 08:59:51"}
{"level":"info","message":"","service":"Image Processing API","timestamp":"2021-07-23 08:59:51"}
{"level":"info","message":"/api/images","service":"Image Processing API","timestamp":"2021-07-23 09:01:32"}
{"level":"info","message":"/api/images?filename=fjord.jpg&width=100&height=100&overwrite=yes","service":"Image Processing API","timestamp":"2021-07-23 09:01:32"}
{"level":"info","message":"","service":"Image Processing API","timestamp":"2021-07-23 09:01:32"}
{"level":"info","message":"/api/images","service":"Image Processing API","timestamp":"2021-07-23 09:14:12"}
{"level":"info","message":"/api/images?filename=fjord.jpg&width=A&height=100&overwrite=yes","service":"Image Processing API","timestamp":"2021-07-23 09:14:12"}
{"level":"info","message":"","service":"Image Processing API","timestamp":"2021-07-23 09:14:12"}
{"level":"info","message":"/api/images","service":"Image Processing API","timestamp":"2021-07-23 09:19:21"}
{"level":"info","message":"/api/images?filename=fjord.jpg&width=A&height=100&overwrite=yes","service":"Image Processing API","timestamp":"2021-07-23 09:19:21"}
{"level":"info","message":"","service":"Image Processing API","timestamp":"2021-07-23 09:19:21"}
{"level":"info","message":"/api/images","service":"Image Processing API","timestamp":"2021-07-23 09:20:39"}
{"level":"info","message":"/api/images?filename=fjord.jpg&width=A&height=100&overwrite=yes","service":"Image Processing API","timestamp":"2021-07-23 09:20:39"}
{"level":"info","message":"","service":"Image Processing API","timestamp":"2021-07-23 09:20:39"}
{"level":"info","message":"/api/images","service":"Image Processing API","timestamp":"2021-07-23 09:21:31"}
{"level":"info","message":"/api/images?filename=fjord.jpg&width=A&height=100&overwrite=yes","service":"Image Processing API","timestamp":"2021-07-23 09:21:31"}
{"level":"info","message":"","service":"Image Processing API","timestamp":"2021-07-23 09:21:31"}
{"level":"info","message":"/","service":"Image Processing API","timestamp":"2021-07-23 13:41:26"}
{"level":"info","message":"/api/images","service":"Image Processing API","timestamp":"2021-07-23 13:41:33"}
{"level":"info","message":"/api/images","service":"Image Processing API","timestamp":"2021-07-23 13:41:33"}
{"level":"info","message":"No filename provided. No width or height provided.","service":"Image Processing API","timestamp":"2021-07-23 13:41:33"}
{"level":"info","message":"/api/images","service":"Image Processing API","timestamp":"2021-07-23 13:42:00"}
{"level":"info","message":"/api/images?filename","service":"Image Processing API","timestamp":"2021-07-23 13:42:00"}
{"level":"info","message":"No filename provided. No width or height provided.","service":"Image Processing API","timestamp":"2021-07-23 13:42:00"}
{"level":"info","message":"/api/images","service":"Image Processing API","timestamp":"2021-07-23 13:42:37"}
{"level":"info","message":"/api/images?filename=&width=A","service":"Image Processing API","timestamp":"2021-07-23 13:42:37"}
{"level":"info","message":"No filename provided. No width or height provided.","service":"Image Processing API","timestamp":"2021-07-23 13:42:37"}
{"level":"info","message":"/api/images","service":"Image Processing API","timestamp":"2021-07-23 13:43:12"}
{"level":"info","message":"/api/images?filename=&width=100&height=100&overwrite=yes","service":"Image Processing API","timestamp":"2021-07-23 13:43:12"}
{"level":"info","message":"No filename provided. ","service":"Image Processing API","timestamp":"2021-07-23 13:43:12"}
{"level":"info","message":"/api/images","service":"Image Processing API","timestamp":"2021-07-23 13:43:22"}
{"level":"info","message":"/api/images?filename=fjord.jpg&width=100&height=100&overwrite=yes","service":"Image Processing API","timestamp":"2021-07-23 13:43:22"}
{"level":"info","message":"","service":"Image Processing API","timestamp":"2021-07-23 13:43:22"}
{"level":"info","message":"/api/images","service":"Image Processing API","timestamp":"2021-07-23 13:45:31"}
{"level":"info","message":"/api/images?filename=fjord.jpg&width=100&height=100&overwrite=yes","service":"Image Processing API","timestamp":"2021-07-23 13:45:31"}
{"level":"info","message":"","service":"Image Processing API","timestamp":"2021-07-23 13:45:31"}
{"level":"info","message":"/api/images","service":"Image Processing API","timestamp":"2021-07-23 13:45:53"}
{"level":"info","message":"/api/images?filename=fjord.jpg&width=100&height=100&overwrite=yes","service":"Image Processing API","timestamp":"2021-07-23 13:45:53"}
{"level":"info","message":"","service":"Image Processing API","timestamp":"2021-07-23 13:45:53"}
{"level":"info","message":"/api/images","service":"Image Processing API","timestamp":"2021-07-23 13:46:27"}
{"level":"info","message":"/api/images?filename=fjord.jpg&width=100&height=100&overwrite=yes","service":"Image Processing API","timestamp":"2021-07-23 13:46:27"}
{"level":"info","message":"","service":"Image Processing API","timestamp":"2021-07-23 13:46:27"}
{"level":"info","message":"/api/images","service":"Image Processing API","timestamp":"2021-07-23 13:46:44"}
{"level":"info","message":"/api/images?filename=fjord.jpg&width=100&height=100&overwrite=yes","service":"Image Processing API","timestamp":"2021-07-23 13:46:44"}
{"level":"info","message":"","service":"Image Processing API","timestamp":"2021-07-23 13:46:44"}
{"level":"info","message":"/api/images","service":"Image Processing API","timestamp":"2021-07-23 13:47:31"}
{"level":"info","message":"/api/images?filename=fjord.jpg&width=100&height=100&overwrite=yes","service":"Image Processing API","timestamp":"2021-07-23 13:47:31"}
{"level":"info","message":"","service":"Image Processing API","timestamp":"2021-07-23 13:47:31"}
{"level":"info","message":"/api/images","service":"Image Processing API","timestamp":"2021-07-23 13:48:46"}
{"level":"info","message":"/api/images?filename=fjord.jpg&width=100&height=100&overwrite=yes","service":"Image Processing API","timestamp":"2021-07-23 13:48:46"}
{"level":"info","message":"","service":"Image Processing API","timestamp":"2021-07-23 13:48:46"}
{"level":"info","message":"/api/images","service":"Image Processing API","timestamp":"2021-07-23 13:49:47"}
{"level":"info","message":"/api/images?filename=fjord.jpg&width=100&height=100&overwrite=yes","service":"Image Processing API","timestamp":"2021-07-23 13:49:47"}
{"level":"info","message":"","service":"Image Processing API","timestamp":"2021-07-23 13:49:47"}
{"level":"info","message":"/api/images","service":"Image Processing API","timestamp":"2021-07-23 13:50:12"}
{"level":"info","message":"/api/images?filename=fjord.jpg&width=100&height=100&overwrite=yes","service":"Image Processing API","timestamp":"2021-07-23 13:50:12"}
{"level":"info","message":"","service":"Image Processing API","timestamp":"2021-07-23 13:50:12"}
{"level":"info","message":"/api/images","service":"Image Processing API","timestamp":"2021-07-23 13:50:56"}
{"level":"info","message":"/api/images?filename=fjord.jpg&width=100&height=100&overwrite=yes","service":"Image Processing API","timestamp":"2021-07-23 13:50:56"}
{"level":"info","message":"","service":"Image Processing API","timestamp":"2021-07-23 13:50:56"}
{"level":"info","message":"/api/images","service":"Image Processing API","timestamp":"2021-07-23 13:51:09"}
{"level":"info","message":"/api/images?filename=fjord.jpg&width=100&height=100&overwrite=yes","service":"Image Processing API","timestamp":"2021-07-23 13:51:09"}
{"level":"info","message":"","service":"Image Processing API","timestamp":"2021-07-23 13:51:09"}
{"level":"info","message":"/api/images","service":"Image Processing API","timestamp":"2021-07-23 13:56:51"}
{"level":"info","message":"/api/images?filename=fjord.jpg&width=100&height=100&overwrite=yes","service":"Image Processing API","timestamp":"2021-07-23 13:56:51"}
{"level":"info","message":"Successful. C:\\projects\\udacity\\projects\\Image-Processing-API\\assets\\resize\\fjord-w100-h100.jpg","service":"Image Processing API","timestamp":"2021-07-23 13:56:51"}
{"level":"info","message":"/api/images","service":"Image Processing API","timestamp":"2021-07-23 13:58:39"}
{"level":"info","message":"/api/images?filename=fjord.jpg&width=100&height=100&overwrite=yes","service":"Image Processing API","timestamp":"2021-07-23 13:58:39"}
{"level":"info","message":"C:\\projects\\udacity\\projects\\Image-Processing-API\\assets\\full\\fjord.jpg not found","service":"Image Processing API","timestamp":"2021-07-23 13:58:39"}
{"level":"info","message":"/api/images","service":"Image Processing API","timestamp":"2021-07-23 14:00:05"}
{"level":"info","message":"/api/images?filename=fjord.jpg&width=100&height=100&overwrite=yes","service":"Image Processing API","timestamp":"2021-07-23 14:00:05"}
{"level":"info","message":"C:\\projects\\udacity\\projects\\Image-Processing-API\\assets\\full\\fjord.jpg not found","service":"Image Processing API","timestamp":"2021-07-23 14:00:05"}
{"level":"info","message":"/api/images","service":"Image Processing API","timestamp":"2021-07-23 14:00:07"}
{"level":"info","message":"/api/images?filename=fjord.jpg&width=100&height=100&overwrite=yes","service":"Image Processing API","timestamp":"2021-07-23 14:00:07"}
{"level":"info","message":"C:\\projects\\udacity\\projects\\Image-Processing-API\\assets\\full\\fjord.jpg not found","service":"Image Processing API","timestamp":"2021-07-23 14:00:07"}
{"level":"info","message":"/api/images","service":"Image Processing API","timestamp":"2021-07-23 14:00:08"}
{"level":"info","message":"/api/images?filename=fjord.jpg&width=100&height=100&overwrite=yes","service":"Image Processing API","timestamp":"2021-07-23 14:00:08"}
{"level":"info","message":"C:\\projects\\udacity\\projects\\Image-Processing-API\\assets\\full\\fjord.jpg not found","service":"Image Processing API","timestamp":"2021-07-23 14:00:08"}
{"level":"info","message":"/api/images","service":"Image Processing API","timestamp":"2021-07-23 14:00:57"}
{"level":"info","message":"/api/images?filename=fjord.jpg&width=100&height=100&overwrite=yes","service":"Image Processing API","timestamp":"2021-07-23 14:00:57"}
{"level":"info","message":"assets/full/fjord.jpg not found","service":"Image Processing API","timestamp":"2021-07-23 14:00:57"}
{"level":"info","message":"/api/images","service":"Image Processing API","timestamp":"2021-07-23 14:01:34"}
{"level":"info","message":"/api/images?filename=fjord.jpg&width=100&height=100&overwrite=yes","service":"Image Processing API","timestamp":"2021-07-23 14:01:34"}
{"level":"info","message":"C:\\projects\\udacity\\projects\\Image-Processing-API\\assets\\full\\fjord.jpg not found","service":"Image Processing API","timestamp":"2021-07-23 14:01:34"}
{"level":"info","message":"/api/images","service":"Image Processing API","timestamp":"2021-07-23 14:02:35"}
{"level":"info","message":"/api/images?filename=fjord.jpg&width=100&height=100&overwrite=yes","service":"Image Processing API","timestamp":"2021-07-23 14:02:35"}
{"level":"info","message":"Successful. C:\\projects\\udacity\\projects\\Image-Processing-API\\src\\assets\\resize\\fjord-w100-h100.jpg","service":"Image Processing API","timestamp":"2021-07-23 14:02:35"}
{"level":"info","message":"/api/images","service":"Image Processing API","timestamp":"2021-07-23 14:03:30"}
{"level":"info","message":"/api/images?filename=fjord.jpg&width=100&height=100&overwrite=yes","service":"Image Processing API","timestamp":"2021-07-23 14:03:30"}
{"level":"info","message":"Successful. C:\\projects\\udacity\\projects\\Image-Processing-API\\src\\assets\\resize\\fjord-w100-h100.jpg","service":"Image Processing API","timestamp":"2021-07-23 14:03:30"}
{"level":"info","message":"/api/assets/resize/C:/projects/udacity/projects/Image-Processing-API/src/assets/resize/fjord-w100-h100.jpg","service":"Image Processing API","timestamp":"2021-07-23 14:03:30"}
{"level":"info","message":"/api/images","service":"Image Processing API","timestamp":"2021-07-23 14:05:46"}
{"level":"info","message":"/api/images?filename=fjord.jpg&width=100&height=100&overwrite=yes","service":"Image Processing API","timestamp":"2021-07-23 14:05:46"}
{"level":"info","message":"Successful. C:\\projects\\udacity\\projects\\Image-Processing-API\\src\\assets\\resize\\fjord-w100-h100.jpg","service":"Image Processing API","timestamp":"2021-07-23 14:05:46"}
{"level":"info","message":"/api/assets/resize/fjord-w100-h100.jpg","service":"Image Processing API","timestamp":"2021-07-23 14:05:46"}
{"level":"info","message":"/api/images","service":"Image Processing API","timestamp":"2021-07-23 14:10:51"}
{"level":"info","message":"/api/images?filename=fjord.jpg&width=100&height=100&overwrite=yes","service":"Image Processing API","timestamp":"2021-07-23 14:10:51"}
{"level":"info","message":"Successful. C:\\projects\\udacity\\projects\\Image-Processing-API\\src\\assets\\resize\\fjord-w100-h100.jpg","service":"Image Processing API","timestamp":"2021-07-23 14:10:51"}
{"level":"info","message":"/assets/resize/fjord-w100-h100.jpg","service":"Image Processing API","timestamp":"2021-07-23 14:10:52"}
{"level":"info","message":"/assets/resize/fjord-w100-h100.jpg","service":"Image Processing API","timestamp":"2021-07-23 14:12:09"}
{"level":"info","message":"/src/assets/resize/fjord-w100-h100.jpg","service":"Image Processing API","timestamp":"2021-07-23 14:12:22"}
{"level":"info","message":"/assets/resize/fjord-w100-h100.jpg","service":"Image Processing API","timestamp":"2021-07-23 14:12:27"}
{"level":"info","message":"/routs/assets/resize/fjord-w100-h100.jpg","service":"Image Processing API","timestamp":"2021-07-23 14:13:37"}
{"level":"info","message":"/routes/assets/resize/fjord-w100-h100.jpg","service":"Image Processing API","timestamp":"2021-07-23 14:13:43"}
{"level":"info","message":"/api/images","service":"Image Processing API","timestamp":"2021-07-23 14:16:20"}
{"level":"info","message":"/api/images?filename=fjord.jpg&width=100&height=100&overwrite=yes","service":"Image Processing API","timestamp":"2021-07-23 14:16:20"}
{"level":"info","message":"Successful. C:\\projects\\udacity\\projects\\Image-Processing-API\\src\\assets\\resize\\fjord-w100-h100.jpg","service":"Image Processing API","timestamp":"2021-07-23 14:16:20"}
{"level":"info","message":"/assets/resize/fjord-w100-h100.jpg","service":"Image Processing API","timestamp":"2021-07-23 14:16:20"}
{"level":"info","message":"/api/images","service":"Image Processing API","timestamp":"2021-07-23 14:16:23"}
{"level":"info","message":"/api/images?filename=fjord.jpg&width=100&height=100&overwrite=yes","service":"Image Processing API","timestamp":"2021-07-23 14:16:23"}
{"level":"info","message":"Successful. C:\\projects\\udacity\\projects\\Image-Processing-API\\src\\assets\\resize\\fjord-w100-h100.jpg","service":"Image Processing API","timestamp":"2021-07-23 14:16:23"}
{"level":"info","message":"/assets/resize/fjord-w100-h100.jpg","service":"Image Processing API","timestamp":"2021-07-23 14:16:23"}
{"level":"info","message":"/api/images","service":"Image Processing API","timestamp":"2021-07-23 14:19:18"}
{"level":"info","message":"/api/images?filename=fjord.jpg&width=100&height=100&overwrite=yes","service":"Image Processing API","timestamp":"2021-07-23 14:19:18"}
{"level":"info","message":"Successful. C:\\projects\\udacity\\projects\\Image-Processing-API\\src\\assets\\resize\\fjord-w100-h100.jpg","service":"Image Processing API","timestamp":"2021-07-23 14:19:18"}
{"level":"info","message":"/assets/resize/fjord-w100-h100.jpg","service":"Image Processing API","timestamp":"2021-07-23 14:19:18"}
{"level":"info","message":"/api/images","service":"Image Processing API","timestamp":"2021-07-23 14:22:17"}
{"level":"info","message":"/api/images?filename=fjord.jpg&width=100&height=100&overwrite=yes","service":"Image Processing API","timestamp":"2021-07-23 14:22:17"}
{"level":"info","message":"TypeError: path must be absolute or specify root to res.sendFile C:\\projects\\udacity\\projects\\Image-Processing-API\\src\\assets\\full\\fjord.jpg, C:\\projects\\udacity\\projects\\Image-Processing-API\\src\\assets\\resize\\fjord-w100-h100.jpg, 100, 100, true","service":"Image Processing API","timestamp":"2021-07-23 14:22:17"}
{"level":"info","message":"/api/images","service":"Image Processing API","timestamp":"2021-07-23 14:23:09"}
{"level":"info","message":"/api/images?filename=fjord.jpg&width=100&height=100&overwrite=yes","service":"Image Processing API","timestamp":"2021-07-23 14:23:09"}
{"level":"info","message":"Successful. C:\\projects\\udacity\\projects\\Image-Processing-API\\src\\assets\\resize\\fjord-w100-h100.jpg","service":"Image Processing API","timestamp":"2021-07-23 14:23:09"}
{"level":"info","message":"/assets/resize/fjord-w100-h100.jpg","service":"Image Processing API","timestamp":"2021-07-23 14:23:09"}
{"level":"info","message":"/api/images","service":"Image Processing API","timestamp":"2021-07-23 17:44:54"}
{"level":"info","message":"/api/images?filename=fjord.jpg&width=100&height=100&overwrite=yes","service":"Image Processing API","timestamp":"2021-07-23 17:44:54"}
{"level":"info","message":"TypeError: path must be absolute or specify root to res.sendFile C:\\projects\\udacity\\projects\\Image-Processing-API\\src\\assets\\full\\fjord.jpg, C:\\projects\\udacity\\projects\\Image-Processing-API\\src\\assets\\resize\\fjord-w100-h100.jpg, 100, 100, true","service":"Image Processing API","timestamp":"2021-07-23 17:44:54"}
{"level":"info","message":"/api/images","service":"Image Processing API","timestamp":"2021-07-23 17:45:32"}
{"level":"info","message":"/api/images?filename=fjord.jpg&width=100&height=100&overwrite=yes","service":"Image Processing API","timestamp":"2021-07-23 17:45:32"}
{"level":"info","message":"Successful. C:\\projects\\udacity\\projects\\Image-Processing-API\\src\\assets\\resize\\fjord-w100-h100.jpg","service":"Image Processing API","timestamp":"2021-07-23 17:45:32"}
{"level":"info","message":"/assets/resize/fjord-w100-h100.jpg","service":"Image Processing API","timestamp":"2021-07-23 17:45:33"}
{"level":"info","message":"/api/images","service":"Image Processing API","timestamp":"2021-07-23 17:46:09"}
{"level":"info","message":"/api/images?filename=fjord.jpg&width=100&height=100&overwrite=yes","service":"Image Processing API","timestamp":"2021-07-23 17:46:09"}
{"level":"info","message":"Successful. C:\\projects\\udacity\\projects\\Image-Processing-API\\src\\assets\\resize\\fjord-w100-h100.jpg","service":"Image Processing API","timestamp":"2021-07-23 17:46:09"}
{"level":"info","message":"/api/images","service":"Image Processing API","timestamp":"2021-07-23 17:55:28"}
{"level":"info","message":"/api/images?filename=fjord.jpg&width=100&height=100&overwrite=yes","service":"Image Processing API","timestamp":"2021-07-23 17:55:28"}
{"level":"info","message":"Successful. C:\\projects\\udacity\\projects\\Image-Processing-API\\src\\assets\\resize\\fjord-w100-h100.jpg","service":"Image Processing API","timestamp":"2021-07-23 17:55:28"}
{"level":"info","message":"/assets/resize/fjord-w100-h100.jpg","service":"Image Processing API","timestamp":"2021-07-23 17:55:28"}
{"level":"info","message":"/api/images","service":"Image Processing API","timestamp":"2021-07-23 17:56:13"}
{"level":"info","message":"/api/images?filename=fjord.jpg&width=100&height=100&overwrite=yes","service":"Image Processing API","timestamp":"2021-07-23 17:56:13"}
{"level":"info","message":"Successful. C:\\projects\\udacity\\projects\\Image-Processing-API\\src\\assets\\resize\\fjord-w100-h100.jpg","service":"Image Processing API","timestamp":"2021-07-23 17:56:13"}
{"level":"info","message":"/assets/resize/fjord-w100-h100.jpg","service":"Image Processing API","timestamp":"2021-07-23 17:56:13"}
{"level":"info","message":"/api/images","service":"Image Processing API","timestamp":"2021-07-23 17:57:20"}
{"level":"info","message":"/api/images?filename=fjord.jpg&width=100&height=100&overwrite=yes","service":"Image Processing API","timestamp":"2021-07-23 17:57:20"}
{"level":"info","message":"Successful. C:\\projects\\udacity\\projects\\Image-Processing-API\\src\\assets\\resize\\fjord-w100-h100.jpg","service":"Image Processing API","timestamp":"2021-07-23 17:57:20"}
{"level":"info","message":"/assets/resize/fjord-w100-h100.jpg","service":"Image Processing API","timestamp":"2021-07-23 17:57:20"}
{"level":"info","message":"/api/images","service":"Image Processing API","timestamp":"2021-07-23 18:00:14"}
{"level":"info","message":"/api/images?filename=fjord.jpg&width=100&height=100&overwrite=yes","service":"Image Processing API","timestamp":"2021-07-23 18:00:14"}
{"level":"info","message":"Successful. C:\\projects\\udacity\\projects\\Image-Processing-API\\src\\assets\\resize\\fjord-w100-h100.jpg","service":"Image Processing API","timestamp":"2021-07-23 18:00:14"}
{"level":"info","message":"/api/newimages/fjord-w100-h100.jpg","service":"Image Processing API","timestamp":"2021-07-23 18:00:14"}
{"level":"info","message":"/api/images","service":"Image Processing API","timestamp":"2021-07-23 18:00:57"}
{"level":"info","message":"/api/images?filename=fjord.jpg&width=100&height=100&overwrite=yes","service":"Image Processing API","timestamp":"2021-07-23 18:00:57"}
{"level":"info","message":"Successful. C:\\projects\\udacity\\projects\\Image-Processing-API\\src\\assets\\resize\\fjord-w100-h100.jpg","service":"Image Processing API","timestamp":"2021-07-23 18:00:57"}
{"level":"info","message":"/api/newimages/fjord-w100-h100.jpg","service":"Image Processing API","timestamp":"2021-07-23 18:00:57"}
{"level":"info","message":"/api/images","service":"Image Processing API","timestamp":"2021-07-23 18:01:00"}
{"level":"info","message":"/api/images?filename=fjord.jpg&width=100&height=100&overwrite=yes","service":"Image Processing API","timestamp":"2021-07-23 18:01:00"}
{"level":"info","message":"Successful. C:\\projects\\udacity\\projects\\Image-Processing-API\\src\\assets\\resize\\fjord-w100-h100.jpg","service":"Image Processing API","timestamp":"2021-07-23 18:01:00"}
{"level":"info","message":"/api/newimages/fjord-w100-h100.jpg","service":"Image Processing API","timestamp":"2021-07-23 18:01:00"}
{"level":"info","message":"/api/images","service":"Image Processing API","timestamp":"2021-07-23 18:01:01"}
{"level":"info","message":"/api/images?filename=fjord.jpg&width=100&height=100&overwrite=yes","service":"Image Processing API","timestamp":"2021-07-23 18:01:01"}
{"level":"info","message":"Successful. C:\\projects\\udacity\\projects\\Image-Processing-API\\src\\assets\\resize\\fjord-w100-h100.jpg","service":"Image Processing API","timestamp":"2021-07-23 18:01:01"}
{"level":"info","message":"/api/newimages/fjord-w100-h100.jpg","service":"Image Processing API","timestamp":"2021-07-23 18:01:01"}
{"level":"info","message":"/api/images","service":"Image Processing API","timestamp":"2021-07-23 18:02:10"}
{"level":"info","message":"/api/images?filename=fjord.jpg&width=100&height=100&overwrite=yes","service":"Image Processing API","timestamp":"2021-07-23 18:02:10"}
{"level":"info","message":"Successful. C:\\projects\\udacity\\projects\\Image-Processing-API\\src\\assets\\resize\\fjord-w100-h100.jpg","service":"Image Processing API","timestamp":"2021-07-23 18:02:10"}
{"level":"info","message":"/assets/resize/fjord-w100-h100.jpg","service":"Image Processing API","timestamp":"2021-07-23 18:02:10"}
{"level":"info","message":"/api/images","service":"Image Processing API","timestamp":"2021-07-23 18:02:11"}
{"level":"info","message":"/api/images?filename=fjord.jpg&width=100&height=100&overwrite=yes","service":"Image Processing API","timestamp":"2021-07-23 18:02:11"}
{"level":"info","message":"Successful. C:\\projects\\udacity\\projects\\Image-Processing-API\\src\\assets\\resize\\fjord-w100-h100.jpg","service":"Image Processing API","timestamp":"2021-07-23 18:02:11"}
{"level":"info","message":"/assets/resize/fjord-w100-h100.jpg","service":"Image Processing API","timestamp":"2021-07-23 18:02:11"}
{"level":"info","message":"/api/images","service":"Image Processing API","timestamp":"2021-07-23 18:03:28"}
{"level":"info","message":"/api/images?filename=fjord.jpg&width=100&height=100&overwrite=yes","service":"Image Processing API","timestamp":"2021-07-23 18:03:28"}
{"level":"info","message":"Successful. C:\\projects\\udacity\\projects\\Image-Processing-API\\src\\assets\\resize\\fjord-w100-h100.jpg","service":"Image Processing API","timestamp":"2021-07-23 18:03:28"}
{"level":"info","message":"/api/images","service":"Image Processing API","timestamp":"2021-07-23 18:03:59"}
{"level":"info","message":"/api/images?filename=fjord.jpg&width=100&height=100&overwrite=yes","service":"Image Processing API","timestamp":"2021-07-23 18:03:59"}
{"level":"info","message":"Successful. C:\\projects\\udacity\\projects\\Image-Processing-API\\src\\assets\\resize\\fjord-w100-h100.jpg","service":"Image Processing API","timestamp":"2021-07-23 18:03:59"}
{"level":"info","message":"/","service":"Image Processing API","timestamp":"2021-07-23 18:07:34"}
{"level":"info","message":"/api/images","service":"Image Processing API","timestamp":"2021-07-23 18:07:34"}
{"level":"info","message":"/api/images?filename=test.jpg&width=100&height=100&overwrite=no","service":"Image Processing API","timestamp":"2021-07-23 18:07:34"}
{"level":"info","message":"C:\\projects\\udacity\\projects\\Image-Processing-API\\src\\assets\\full\\test.jpg not found","service":"Image Processing API","timestamp":"2021-07-23 18:07:34"}
{"level":"info","message":"/","service":"Image Processing API","timestamp":"2021-07-23 18:08:44"}
{"level":"info","message":"/api/images","service":"Image Processing API","timestamp":"2021-07-23 18:08:44"}
{"level":"info","message":"/api/images?filename=test.jpg&width=100&height=100&overwrite=no","service":"Image Processing API","timestamp":"2021-07-23 18:08:44"}
{"level":"info","message":"C:\\projects\\udacity\\projects\\Image-Processing-API\\src\\assets\\full\\test.jpg not found","service":"Image Processing API","timestamp":"2021-07-23 18:08:44"}
{"level":"info","message":"/","service":"Image Processing API","timestamp":"2021-07-23 18:13:19"}
{"level":"info","message":"/api/images","service":"Image Processing API","timestamp":"2021-07-23 18:13:19"}
{"level":"info","message":"/api/images?filename=test.jpg&width=100&height=100&overwrite=no","service":"Image Processing API","timestamp":"2021-07-23 18:13:19"}
{"level":"info","message":"C:\\projects\\udacity\\projects\\Image-Processing-API\\src\\assets\\full\\test.jpg not found","service":"Image Processing API","timestamp":"2021-07-23 18:13:19"}
{"level":"info","message":"/","service":"Image Processing API","timestamp":"2021-07-23 20:13:35"}
{"level":"info","message":"/api/images","service":"Image Processing API","timestamp":"2021-07-23 20:13:35"}
{"level":"info","message":"/api/images?filename=test.jpg&width=100&height=100&overwrite=no","service":"Image Processing API","timestamp":"2021-07-23 20:13:35"}
{"level":"info","message":"C:\\projects\\udacity\\projects\\Image-Processing-API\\src\\assets\\full\\test.jpg not found","service":"Image Processing API","timestamp":"2021-07-23 20:13:35"}
{"level":"info","message":"/","service":"Image Processing API","timestamp":"2021-07-23 20:14:04"}
{"level":"info","message":"/api/images","service":"Image Processing API","timestamp":"2021-07-23 20:14:04"}
{"level":"info","message":"/api/images?filename=test.jpg&width=100&height=100&overwrite=no","service":"Image Processing API","timestamp":"2021-07-23 20:14:04"}
{"level":"info","message":"C:\\projects\\udacity\\projects\\Image-Processing-API\\src\\assets\\full\\test.jpg not found","service":"Image Processing API","timestamp":"2021-07-23 20:14:04"}
{"level":"info","message":"/","service":"Image Processing API","timestamp":"2021-07-23 20:17:08"}
{"level":"info","message":"/api/images","service":"Image Processing API","timestamp":"2021-07-23 20:17:08"}
{"level":"info","message":"/api/images?filename=test.jpg&width=100&height=100&overwrite=no","service":"Image Processing API","timestamp":"2021-07-23 20:17:08"}
{"level":"info","message":"C:\\projects\\udacity\\projects\\Image-Processing-API\\src\\assets\\full\\test.jpg not found","service":"Image Processing API","timestamp":"2021-07-23 20:17:08"}
{"level":"info","message":"/api/images","service":"Image Processing API","timestamp":"2021-07-23 20:17:08"}
{"level":"info","message":"/api/images?filename=&width=100&height=100&overwrite=no","service":"Image Processing API","timestamp":"2021-07-23 20:17:08"}
{"level":"info","message":"No filename provided. ","service":"Image Processing API","timestamp":"2021-07-23 20:17:08"}
{"level":"info","message":"/","service":"Image Processing API","timestamp":"2021-07-23 20:17:30"}
{"level":"info","message":"/api/images","service":"Image Processing API","timestamp":"2021-07-23 20:17:30"}
{"level":"info","message":"/api/images?filename=test.jpg&width=100&height=100&overwrite=no","service":"Image Processing API","timestamp":"2021-07-23 20:17:30"}
{"level":"info","message":"C:\\projects\\udacity\\projects\\Image-Processing-API\\src\\assets\\full\\test.jpg not found","service":"Image Processing API","timestamp":"2021-07-23 20:17:30"}
{"level":"info","message":"/api/images","service":"Image Processing API","timestamp":"2021-07-23 20:17:30"}
{"level":"info","message":"/api/images?filename=&width=100&height=100&overwrite=no","service":"Image Processing API","timestamp":"2021-07-23 20:17:30"}
{"level":"info","message":"No filename provided. ","service":"Image Processing API","timestamp":"2021-07-23 20:17:30"}
{"level":"info","message":"/","service":"Image Processing API","timestamp":"2021-07-23 20:19:07"}
{"level":"info","message":"/api/images","service":"Image Processing API","timestamp":"2021-07-23 20:19:07"}
{"level":"info","message":"/api/images?filename=test.jpg&width=100&height=100&overwrite=no","service":"Image Processing API","timestamp":"2021-07-23 20:19:07"}
{"level":"info","message":"C:\\projects\\udacity\\projects\\Image-Processing-API\\src\\assets\\full\\test.jpg not found","service":"Image Processing API","timestamp":"2021-07-23 20:19:07"}
{"level":"info","message":"/api/images","service":"Image Processing API","timestamp":"2021-07-23 20:19:07"}
{"level":"info","message":"/api/images?filename=&width=100&height=100&overwrite=no","service":"Image Processing API","timestamp":"2021-07-23 20:19:07"}
{"level":"info","message":"No filename provided. ","service":"Image Processing API","timestamp":"2021-07-23 20:19:07"}
{"level":"info","message":"/api/images","service":"Image Processing API","timestamp":"2021-07-23 20:19:07"}
{"level":"info","message":"/api/images?filename=fjord.jpg&width=0&height=100&overwrite=no","service":"Image Processing API","timestamp":"2021-07-23 20:19:07"}
{"level":"info","message":"No width or height provided.","service":"Image Processing API","timestamp":"2021-07-23 20:19:07"}
{"level":"info","message":"/","service":"Image Processing API","timestamp":"2021-07-23 20:22:02"}
{"level":"info","message":"/api/images","service":"Image Processing API","timestamp":"2021-07-23 20:22:02"}
{"level":"info","message":"/api/images?filename=test.jpg&width=100&height=100&overwrite=no","service":"Image Processing API","timestamp":"2021-07-23 20:22:02"}
{"level":"info","message":"C:\\projects\\udacity\\projects\\Image-Processing-API\\src\\assets\\full\\test.jpg not found","service":"Image Processing API","timestamp":"2021-07-23 20:22:02"}
{"level":"info","message":"/api/images","service":"Image Processing API","timestamp":"2021-07-23 20:22:02"}
{"level":"info","message":"/api/images?filename=&width=100&height=100&overwrite=no","service":"Image Processing API","timestamp":"2021-07-23 20:22:02"}
{"level":"info","message":"No filename provided. ","service":"Image Processing API","timestamp":"2021-07-23 20:22:02"}
{"level":"info","message":"/api/images","service":"Image Processing API","timestamp":"2021-07-23 20:22:02"}
{"level":"info","message":"/api/images?filename=fjord.jpg&width=0&height=100&overwrite=no","service":"Image Processing API","timestamp":"2021-07-23 20:22:02"}
{"level":"info","message":"No width or height provided.","service":"Image Processing API","timestamp":"2021-07-23 20:22:02"}
{"level":"info","message":"/api/images","service":"Image Processing API","timestamp":"2021-07-23 20:22:02"}
{"level":"info","message":"/api/images?filename=fjord.jpg&width=200&height=100&overwrite=no","service":"Image Processing API","timestamp":"2021-07-23 20:22:02"}
{"level":"info","message":"Successful. C:\\projects\\udacity\\projects\\Image-Processing-API\\src\\assets\\resize\\fjord-w200-h100.jpg","service":"Image Processing API","timestamp":"2021-07-23 20:22:02"}
{"level":"info","message":"/","service":"Image Processing API","timestamp":"2021-07-23 21:10:04"}
{"level":"info","message":"/api/images","service":"Image Processing API","timestamp":"2021-07-23 21:10:04"}
{"level":"info","message":"/api/images?filename=test.jpg&width=100&height=100&overwrite=no","service":"Image Processing API","timestamp":"2021-07-23 21:10:04"}
{"level":"info","message":"C:\\projects\\udacity\\projects\\Image-Processing-API\\src\\assets\\full\\test.jpg not found","service":"Image Processing API","timestamp":"2021-07-23 21:10:04"}
{"level":"info","message":"/api/images","service":"Image Processing API","timestamp":"2021-07-23 21:10:04"}
{"level":"info","message":"/api/images?filename=&width=100&height=100&overwrite=no","service":"Image Processing API","timestamp":"2021-07-23 21:10:04"}
{"level":"info","message":"No filename provided. ","service":"Image Processing API","timestamp":"2021-07-23 21:10:04"}
{"level":"info","message":"/api/images","service":"Image Processing API","timestamp":"2021-07-23 21:10:04"}
{"level":"info","message":"/api/images?filename=fjord.jpg&width=0&height=100&overwrite=no","service":"Image Processing API","timestamp":"2021-07-23 21:10:04"}
{"level":"info","message":"No width or height provided.","service":"Image Processing API","timestamp":"2021-07-23 21:10:04"}
{"level":"info","message":"/api/images","service":"Image Processing API","timestamp":"2021-07-23 21:10:04"}
{"level":"info","message":"/api/images?filename=fjord.jpg&width=200&height=100&overwrite=no","service":"Image Processing API","timestamp":"2021-07-23 21:10:04"}
{"level":"info","message":"Successful. C:\\projects\\udacity\\projects\\Image-Processing-API\\src\\assets\\resize\\fjord-w200-h100.jpg","service":"Image Processing API","timestamp":"2021-07-23 21:10:04"}
{"level":"info","message":"/","service":"Image Processing API","timestamp":"2021-07-23 21:26:33"}
{"level":"info","message":"/api/images","service":"Image Processing API","timestamp":"2021-07-23 21:26:33"}
{"level":"info","message":"/api/images?filename=test.jpg&width=100&height=100&overwrite=no","service":"Image Processing API","timestamp":"2021-07-23 21:26:33"}
{"level":"info","message":"C:\\projects\\udacity\\projects\\Image-Processing-API\\src\\assets\\full\\test.jpg not found","service":"Image Processing API","timestamp":"2021-07-23 21:26:33"}
{"level":"info","message":"/api/images","service":"Image Processing API","timestamp":"2021-07-23 21:26:34"}
{"level":"info","message":"/api/images?filename=&width=100&height=100&overwrite=no","service":"Image Processing API","timestamp":"2021-07-23 21:26:34"}
{"level":"info","message":"No filename provided. ","service":"Image Processing API","timestamp":"2021-07-23 21:26:34"}
{"level":"info","message":"/api/images","service":"Image Processing API","timestamp":"2021-07-23 21:26:34"}
{"level":"info","message":"/api/images?filename=fjord.jpg&width=0&height=100&overwrite=no","service":"Image Processing API","timestamp":"2021-07-23 21:26:34"}
{"level":"info","message":"No width or height provided.","service":"Image Processing API","timestamp":"2021-07-23 21:26:34"}
{"level":"info","message":"/api/images","service":"Image Processing API","timestamp":"2021-07-23 21:26:34"}
{"level":"info","message":"/api/images?filename=fjord.jpg&width=200&height=100&overwrite=no","service":"Image Processing API","timestamp":"2021-07-23 21:26:34"}
{"level":"info","message":"Successful. C:\\projects\\udacity\\projects\\Image-Processing-API\\src\\assets\\resize\\fjord-w200-h100.jpg","service":"Image Processing API","timestamp":"2021-07-23 21:26:34"}
{"level":"info","message":"/","service":"Image Processing API","timestamp":"2021-07-23 21:27:02"}
{"level":"info","message":"/api/images","service":"Image Processing API","timestamp":"2021-07-23 21:27:02"}
{"level":"info","message":"/api/images?filename=test.jpg&width=100&height=100&overwrite=no","service":"Image Processing API","timestamp":"2021-07-23 21:27:02"}
{"level":"info","message":"C:\\projects\\udacity\\projects\\Image-Processing-API\\src\\assets\\full\\test.jpg not found","service":"Image Processing API","timestamp":"2021-07-23 21:27:02"}
{"level":"info","message":"/api/images","service":"Image Processing API","timestamp":"2021-07-23 21:27:02"}
{"level":"info","message":"/api/images?filename=&width=100&height=100&overwrite=no","service":"Image Processing API","timestamp":"2021-07-23 21:27:02"}
{"level":"info","message":"No filename provided. ","service":"Image Processing API","timestamp":"2021-07-23 21:27:02"}
{"level":"info","message":"/api/images","service":"Image Processing API","timestamp":"2021-07-23 21:27:02"}
{"level":"info","message":"/api/images?filename=fjord.jpg&width=0&height=100&overwrite=no","service":"Image Processing API","timestamp":"2021-07-23 21:27:02"}
{"level":"info","message":"No width or height provided.","service":"Image Processing API","timestamp":"2021-07-23 21:27:02"}
{"level":"info","message":"/api/images","service":"Image Processing API","timestamp":"2021-07-23 21:27:02"}
{"level":"info","message":"/api/images?filename=fjord.jpg&width=200&height=100&overwrite=no","service":"Image Processing API","timestamp":"2021-07-23 21:27:02"}
{"level":"info","message":"Successful. C:\\projects\\udacity\\projects\\Image-Processing-API\\src\\assets\\resize\\fjord-w200-h100.jpg","service":"Image Processing API","timestamp":"2021-07-23 21:27:02"}
{"level":"info","message":"/","service":"Image Processing API","timestamp":"2021-07-23 21:29:57"}
{"level":"info","message":"/api/images","service":"Image Processing API","timestamp":"2021-07-23 21:29:57"}
{"level":"info","message":"/api/images?filename=test.jpg&width=100&height=100&overwrite=no","service":"Image Processing API","timestamp":"2021-07-23 21:29:57"}
{"level":"info","message":"C:\\projects\\udacity\\projects\\Image-Processing-API\\src\\assets\\full\\test.jpg not found","service":"Image Processing API","timestamp":"2021-07-23 21:29:57"}
{"level":"info","message":"/api/images","service":"Image Processing API","timestamp":"2021-07-23 21:29:57"}
{"level":"info","message":"/api/images?filename=&width=100&height=100&overwrite=no","service":"Image Processing API","timestamp":"2021-07-23 21:29:57"}
{"level":"info","message":"No filename provided. ","service":"Image Processing API","timestamp":"2021-07-23 21:29:57"}
{"level":"info","message":"/api/images","service":"Image Processing API","timestamp":"2021-07-23 21:29:57"}
{"level":"info","message":"/api/images?filename=fjord.jpg&width=0&height=100&overwrite=no","service":"Image Processing API","timestamp":"2021-07-23 21:29:57"}
{"level":"info","message":"No width or height provided.","service":"Image Processing API","timestamp":"2021-07-23 21:29:57"}
{"level":"info","message":"/api/images","service":"Image Processing API","timestamp":"2021-07-23 21:29:57"}
{"level":"info","message":"/api/images?filename=test.jpg&width=200&height=100&overwrite=no","service":"Image Processing API","timestamp":"2021-07-23 21:29:57"}
{"level":"info","message":"C:\\projects\\udacity\\projects\\Image-Processing-API\\src\\assets\\full\\test.jpg not found","service":"Image Processing API","timestamp":"2021-07-23 21:29:57"}
{"level":"info","message":"/","service":"Image Processing API","timestamp":"2021-07-23 21:31:02"}
{"level":"info","message":"/api/images","service":"Image Processing API","timestamp":"2021-07-23 21:31:02"}
{"level":"info","message":"/api/images?filename=test.jpg&width=100&height=100&overwrite=no","service":"Image Processing API","timestamp":"2021-07-23 21:31:02"}
{"level":"info","message":"C:\\projects\\udacity\\projects\\Image-Processing-API\\src\\assets\\full\\test.jpg not found","service":"Image Processing API","timestamp":"2021-07-23 21:31:02"}
{"level":"info","message":"/api/images","service":"Image Processing API","timestamp":"2021-07-23 21:31:02"}
{"level":"info","message":"/api/images?filename=&width=100&height=100&overwrite=no","service":"Image Processing API","timestamp":"2021-07-23 21:31:02"}
{"level":"info","message":"No filename provided. ","service":"Image Processing API","timestamp":"2021-07-23 21:31:02"}
{"level":"info","message":"/api/images","service":"Image Processing API","timestamp":"2021-07-23 21:31:02"}
{"level":"info","message":"/api/images?filename=fjord.jpg&width=0&height=100&overwrite=no","service":"Image Processing API","timestamp":"2021-07-23 21:31:02"}
{"level":"info","message":"No width or height provided.","service":"Image Processing API","timestamp":"2021-07-23 21:31:02"}
{"level":"info","message":"/api/images","service":"Image Processing API","timestamp":"2021-07-23 21:31:02"}
{"level":"info","message":"/api/images?filename=fjord.jpg&width=200&height=100&overwrite=no","service":"Image Processing API","timestamp":"2021-07-23 21:31:02"}
{"level":"info","message":"Successful. C:\\projects\\udacity\\projects\\Image-Processing-API\\src\\assets\\resize\\fjord-w200-h100.jpg","service":"Image Processing API","timestamp":"2021-07-23 21:31:02"}
{"level":"info","message":"/","service":"Image Processing API","timestamp":"2021-07-23 21:31:57"}
{"level":"info","message":"/api/images","service":"Image Processing API","timestamp":"2021-07-23 21:31:57"}
{"level":"info","message":"/api/images?filename=test.jpg&width=100&height=100&overwrite=no","service":"Image Processing API","timestamp":"2021-07-23 21:31:57"}
{"level":"info","message":"C:\\projects\\udacity\\projects\\Image-Processing-API\\src\\assets\\full\\test.jpg not found","service":"Image Processing API","timestamp":"2021-07-23 21:31:57"}
{"level":"info","message":"/api/images","service":"Image Processing API","timestamp":"2021-07-23 21:31:57"}
{"level":"info","message":"/api/images?filename=&width=100&height=100&overwrite=no","service":"Image Processing API","timestamp":"2021-07-23 21:31:57"}
{"level":"info","message":"No filename provided. ","service":"Image Processing API","timestamp":"2021-07-23 21:31:57"}
{"level":"info","message":"/api/images","service":"Image Processing API","timestamp":"2021-07-23 21:31:57"}
{"level":"info","message":"/api/images?filename=fjord.jpg&width=0&height=100&overwrite=no","service":"Image Processing API","timestamp":"2021-07-23 21:31:57"}
{"level":"info","message":"No width or height provided.","service":"Image Processing API","timestamp":"2021-07-23 21:31:57"}
{"level":"info","message":"/api/images","service":"Image Processing API","timestamp":"2021-07-23 21:31:57"}
{"level":"info","message":"/api/images?filename=fjord.jpg&width=200&height=100&overwrite=no","service":"Image Processing API","timestamp":"2021-07-23 21:31:57"}
{"level":"info","message":"Successful. C:\\projects\\udacity\\projects\\Image-Processing-API\\src\\assets\\resize\\fjord-w200-h100.jpg","service":"Image Processing API","timestamp":"2021-07-23 21:31:57"}
{"level":"info","message":"/","service":"Image Processing API","timestamp":"2021-07-23 21:32:18"}
{"level":"info","message":"/api/images","service":"Image Processing API","timestamp":"2021-07-23 21:32:18"}
{"level":"info","message":"/api/images?filename=test.jpg&width=100&height=100&overwrite=no","service":"Image Processing API","timestamp":"2021-07-23 21:32:18"}
{"level":"info","message":"C:\\projects\\udacity\\projects\\Image-Processing-API\\src\\assets\\full\\test.jpg not found","service":"Image Processing API","timestamp":"2021-07-23 21:32:18"}
{"level":"info","message":"/api/images","service":"Image Processing API","timestamp":"2021-07-23 21:32:18"}
{"level":"info","message":"/api/images?filename=&width=100&height=100&overwrite=no","service":"Image Processing API","timestamp":"2021-07-23 21:32:18"}
{"level":"info","message":"No filename provided. ","service":"Image Processing API","timestamp":"2021-07-23 21:32:18"}
{"level":"info","message":"/api/images","service":"Image Processing API","timestamp":"2021-07-23 21:32:18"}
{"level":"info","message":"/api/images?filename=fjord.jpg&width=0&height=100&overwrite=no","service":"Image Processing API","timestamp":"2021-07-23 21:32:18"}
{"level":"info","message":"No width or height provided.","service":"Image Processing API","timestamp":"2021-07-23 21:32:18"}
{"level":"info","message":"/api/images","service":"Image Processing API","timestamp":"2021-07-23 21:32:18"}
{"level":"info","message":"/api/images?filename=test.jpg&width=200&height=100&overwrite=no","service":"Image Processing API","timestamp":"2021-07-23 21:32:18"}
{"level":"info","message":"C:\\projects\\udacity\\projects\\Image-Processing-API\\src\\assets\\full\\test.jpg not found","service":"Image Processing API","timestamp":"2021-07-23 21:32:18"}
{"level":"info","message":"/","service":"Image Processing API","timestamp":"2021-07-23 21:34:11"}
{"level":"info","message":"/api/images","service":"Image Processing API","timestamp":"2021-07-23 21:34:11"}
{"level":"info","message":"/api/images?filename=test.jpg&width=100&height=100&overwrite=no","service":"Image Processing API","timestamp":"2021-07-23 21:34:11"}
{"level":"info","message":"C:\\projects\\udacity\\projects\\Image-Processing-API\\src\\assets\\full\\test.jpg not found","service":"Image Processing API","timestamp":"2021-07-23 21:34:11"}
{"level":"info","message":"/api/images","service":"Image Processing API","timestamp":"2021-07-23 21:34:11"}
{"level":"info","message":"/api/images?filename=&width=100&height=100&overwrite=no","service":"Image Processing API","timestamp":"2021-07-23 21:34:11"}
{"level":"info","message":"No filename provided. ","service":"Image Processing API","timestamp":"2021-07-23 21:34:11"}
{"level":"info","message":"/api/images","service":"Image Processing API","timestamp":"2021-07-23 21:34:11"}
{"level":"info","message":"/api/images?filename=fjord.jpg&width=0&height=100&overwrite=no","service":"Image Processing API","timestamp":"2021-07-23 21:34:11"}
{"level":"info","message":"No width or height provided.","service":"Image Processing API","timestamp":"2021-07-23 21:34:11"}
{"level":"info","message":"/api/images","service":"Image Processing API","timestamp":"2021-07-23 21:34:11"}
{"level":"info","message":"/api/images?filename=test.jpg&width=200&height=100&overwrite=no","service":"Image Processing API","timestamp":"2021-07-23 21:34:11"}
{"level":"info","message":"C:\\projects\\udacity\\projects\\Image-Processing-API\\src\\assets\\full\\test.jpg not found","service":"Image Processing API","timestamp":"2021-07-23 21:34:11"}
{"level":"info","message":"/","service":"Image Processing API","timestamp":"2021-07-23 21:34:28"}
{"level":"info","message":"/api/images","service":"Image Processing API","timestamp":"2021-07-23 21:34:28"}
{"level":"info","message":"/api/images?filename=test.jpg&width=100&height=100&overwrite=no","service":"Image Processing API","timestamp":"2021-07-23 21:34:28"}
{"level":"info","message":"C:\\projects\\udacity\\projects\\Image-Processing-API\\src\\assets\\full\\test.jpg not found","service":"Image Processing API","timestamp":"2021-07-23 21:34:28"}
{"level":"info","message":"/api/images","service":"Image Processing API","timestamp":"2021-07-23 21:34:28"}
{"level":"info","message":"/api/images?filename=&width=100&height=100&overwrite=no","service":"Image Processing API","timestamp":"2021-07-23 21:34:28"}
{"level":"info","message":"No filename provided. ","service":"Image Processing API","timestamp":"2021-07-23 21:34:28"}
{"level":"info","message":"/api/images","service":"Image Processing API","timestamp":"2021-07-23 21:34:28"}
{"level":"info","message":"/api/images?filename=fjord.jpg&width=0&height=100&overwrite=no","service":"Image Processing API","timestamp":"2021-07-23 21:34:28"}
{"level":"info","message":"No width or height provided.","service":"Image Processing API","timestamp":"2021-07-23 21:34:28"}
{"level":"info","message":"/api/images","service":"Image Processing API","timestamp":"2021-07-23 21:34:28"}
{"level":"info","message":"/api/images?filename=fjord.jpg&width=200&height=100&overwrite=no","service":"Image Processing API","timestamp":"2021-07-23 21:34:28"}
{"level":"info","message":"Successful. C:\\projects\\udacity\\projects\\Image-Processing-API\\src\\assets\\resize\\fjord-w200-h100.jpg","service":"Image Processing API","timestamp":"2021-07-23 21:34:28"}
{"level":"info","message":"/","service":"Image Processing API","timestamp":"2021-07-24 08:08:25"}
{"level":"info","message":"/api/images","service":"Image Processing API","timestamp":"2021-07-24 08:08:25"}
{"level":"info","message":"/api/images?filename=test.jpg&width=100&height=100&overwrite=no","service":"Image Processing API","timestamp":"2021-07-24 08:08:25"}
{"level":"info","message":"C:\\projects\\udacity\\projects\\Image-Processing-API\\src\\assets\\full\\test.jpg not found","service":"Image Processing API","timestamp":"2021-07-24 08:08:25"}
{"level":"info","message":"/api/images","service":"Image Processing API","timestamp":"2021-07-24 08:08:25"}
{"level":"info","message":"/api/images?filename=&width=100&height=100&overwrite=no","service":"Image Processing API","timestamp":"2021-07-24 08:08:25"}
{"level":"info","message":"No filename provided. ","service":"Image Processing API","timestamp":"2021-07-24 08:08:25"}
{"level":"info","message":"/api/images","service":"Image Processing API","timestamp":"2021-07-24 08:08:25"}
{"level":"info","message":"/api/images?filename=fjord.jpg&width=0&height=100&overwrite=no","service":"Image Processing API","timestamp":"2021-07-24 08:08:25"}
{"level":"info","message":"No width or height provided.","service":"Image Processing API","timestamp":"2021-07-24 08:08:25"}
{"level":"info","message":"/api/images","service":"Image Processing API","timestamp":"2021-07-24 08:08:25"}
{"level":"info","message":"/api/images?filename=fjord.jpg&width=200&height=100&overwrite=no","service":"Image Processing API","timestamp":"2021-07-24 08:08:25"}
{"level":"info","message":"Successful. C:\\projects\\udacity\\projects\\Image-Processing-API\\src\\assets\\resize\\fjord-w200-h100.jpg","service":"Image Processing API","timestamp":"2021-07-24 08:08:25"}
{"level":"info","message":"/","service":"Image Processing API","timestamp":"2021-07-24 08:09:29"}
{"level":"info","message":"/api/images","service":"Image Processing API","timestamp":"2021-07-24 08:09:29"}
{"level":"info","message":"/api/images?filename=test.jpg&width=100&height=100&overwrite=no","service":"Image Processing API","timestamp":"2021-07-24 08:09:29"}
{"level":"info","message":"C:\\projects\\udacity\\projects\\Image-Processing-API\\src\\assets\\full\\test.jpg not found","service":"Image Processing API","timestamp":"2021-07-24 08:09:30"}
{"level":"info","message":"/api/images","service":"Image Processing API","timestamp":"2021-07-24 08:09:30"}
{"level":"info","message":"/api/images?filename=&width=100&height=100&overwrite=no","service":"Image Processing API","timestamp":"2021-07-24 08:09:30"}
{"level":"info","message":"No filename provided. ","service":"Image Processing API","timestamp":"2021-07-24 08:09:30"}
{"level":"info","message":"/api/images","service":"Image Processing API","timestamp":"2021-07-24 08:09:30"}
{"level":"info","message":"/api/images?filename=fjord.jpg&width=0&height=100&overwrite=no","service":"Image Processing API","timestamp":"2021-07-24 08:09:30"}
{"level":"info","message":"No width or height provided.","service":"Image Processing API","timestamp":"2021-07-24 08:09:30"}
{"level":"info","message":"/api/images","service":"Image Processing API","timestamp":"2021-07-24 08:09:30"}
{"level":"info","message":"/api/images?filename=fjord.jpg&width=200&height=100&overwrite=no","service":"Image Processing API","timestamp":"2021-07-24 08:09:30"}
{"level":"info","message":"Successful. C:\\projects\\udacity\\projects\\Image-Processing-API\\src\\assets\\resize\\fjord-w200-h100.jpg","service":"Image Processing API","timestamp":"2021-07-24 08:09:30"}
{"level":"info","message":"/api/images","service":"Image Processing API","timestamp":"2021-07-24 12:33:14"}
{"level":"info","message":"/api/images?filename=fjord.jpg&width=500&height=500&overwrite=yes","service":"Image Processing API","timestamp":"2021-07-24 12:33:14"}
{"level":"info","message":"Successful. C:\\projects\\udacity\\projects\\Image-Processing-API\\src\\assets\\resize\\fjord-w500-h500.jpg","service":"Image Processing API","timestamp":"2021-07-24 12:33:15"}
{"level":"info","message":"/api/images","service":"Image Processing API","timestamp":"2021-07-24 12:33:23"}
{"level":"info","message":"/api/images?filename=fjordtesttest.jpg&width=500&height=500&overwrite=yes","service":"Image Processing API","timestamp":"2021-07-24 12:33:23"}
{"level":"info","message":"C:\\projects\\udacity\\projects\\Image-Processing-API\\src\\assets\\full\\fjordtesttest.jpg not found","service":"Image Processing API","timestamp":"2021-07-24 12:33:23"}
{"level":"info","message":"/api/images","service":"Image Processing API","timestamp":"2021-07-24 12:33:40"}
{"level":"info","message":"/api/images?filename=fjord.jpg&width=500&height=500&overwrite=no","service":"Image Processing API","timestamp":"2021-07-24 12:33:40"}
{"level":"info","message":"Successful. C:\\projects\\udacity\\projects\\Image-Processing-API\\src\\assets\\resize\\fjord-w500-h500.jpg","service":"Image Processing API","timestamp":"2021-07-24 12:33:40"}
{"level":"info","message":"/","service":"Image Processing API","timestamp":"2021-07-24 12:33:58"}
{"level":"info","message":"/","service":"Image Processing API","timestamp":"2021-07-24 12:36:07"}
{"level":"info","message":"/","service":"Image Processing API","timestamp":"2021-07-24 12:36:57"}
{"level":"info","message":"/","service":"Image Processing API","timestamp":"2021-07-24 12:37:19"}
{"level":"info","message":"/","service":"Image Processing API","timestamp":"2021-07-24 12:37:59"}
{"level":"info","message":"/api","service":"Image Processing API","timestamp":"2021-07-24 12:38:18"}
{"level":"info","message":"/api/images","service":"Image Processing API","timestamp":"2021-07-24 12:38:23"}
{"level":"info","message":"/api/images","service":"Image Processing API","timestamp":"2021-07-24 12:38:23"}
{"level":"info","message":"No filename provided. No width or height provided.","service":"Image Processing API","timestamp":"2021-07-24 12:38:23"}
{"level":"info","message":"/api/images","service":"Image Processing API","timestamp":"2021-07-24 12:42:57"}
{"level":"info","message":"/api/images","service":"Image Processing API","timestamp":"2021-07-24 12:42:57"}
{"level":"info","message":"No filename provided. No width or height provided.","service":"Image Processing API","timestamp":"2021-07-24 12:42:57"}
{"level":"info","message":"/","service":"Image Processing API","timestamp":"2021-07-24 12:43:01"}
{"level":"info","message":"/","service":"Image Processing API","timestamp":"2021-07-24 12:54:09"}
{"level":"info","message":"/api/images","service":"Image Processing API","timestamp":"2021-07-24 12:54:09"}
{"level":"info","message":"/api/images?filename=test.jpg&width=100&height=100&overwrite=no","service":"Image Processing API","timestamp":"2021-07-24 12:54:09"}
{"level":"info","message":"C:\\projects\\udacity\\projects\\Image-Processing-API\\src\\assets\\full\\test.jpg not found","service":"Image Processing API","timestamp":"2021-07-24 12:54:09"}
{"level":"info","message":"/api/images","service":"Image Processing API","timestamp":"2021-07-24 12:54:09"}
{"level":"info","message":"/api/images?filename=&width=100&height=100&overwrite=no","service":"Image Processing API","timestamp":"2021-07-24 12:54:09"}
{"level":"info","message":"No filename provided. ","service":"Image Processing API","timestamp":"2021-07-24 12:54:09"}
{"level":"info","message":"/api/images","service":"Image Processing API","timestamp":"2021-07-24 12:54:09"}
{"level":"info","message":"/api/images?filename=fjord.jpg&width=0&height=100&overwrite=no","service":"Image Processing API","timestamp":"2021-07-24 12:54:09"}
{"level":"info","message":"No width or height provided.","service":"Image Processing API","timestamp":"2021-07-24 12:54:09"}
{"level":"info","message":"/api/images","service":"Image Processing API","timestamp":"2021-07-24 12:54:09"}
{"level":"info","message":"/api/images?filename=fjord.jpg&width=200&height=100&overwrite=no","service":"Image Processing API","timestamp":"2021-07-24 12:54:09"}
{"level":"info","message":"Successful. C:\\projects\\udacity\\projects\\Image-Processing-API\\src\\assets\\resize\\fjord-w200-h100.jpg","service":"Image Processing API","timestamp":"2021-07-24 12:54:09"}
{"level":"info","message":"/api/images","service":"Image Processing API","timestamp":"2021-07-24 12:58:30"}
{"level":"info","message":"/api/images?filename=fjord.jpg&width=500&height=500&overwrite=no","service":"Image Processing API","timestamp":"2021-07-24 12:58:30"}
{"level":"info","message":"Successful. C:\\projects\\udacity\\projects\\Image-Processing-API\\src\\assets\\resize\\fjord-w500-h500.jpg","service":"Image Processing API","timestamp":"2021-07-24 12:58:30"}
{"level":"info","message":"/api/images","service":"Image Processing API","timestamp":"2021-07-24 12:58:32"}
{"level":"info","message":"/api/images?filename=fjord.jpg&width=500&height=500&overwrite=no","service":"Image Processing API","timestamp":"2021-07-24 12:58:32"}
{"level":"info","message":"Successful. C:\\projects\\udacity\\projects\\Image-Processing-API\\src\\assets\\resize\\fjord-w500-h500.jpg","service":"Image Processing API","timestamp":"2021-07-24 12:58:32"}
{"level":"info","message":"/","service":"Image Processing API","timestamp":"2021-07-24 12:59:12"}
{"level":"info","message":"/","service":"Image Processing API","timestamp":"2021-07-24 12:59:30"}
{"level":"info","message":"/","service":"Image Processing API","timestamp":"2021-07-24 12:59:31"}
{"level":"info","message":"/","service":"Image Processing API","timestamp":"2021-07-24 13:02:42"}
{"level":"info","message":"/api/images","service":"Image Processing API","timestamp":"2021-07-24 13:02:42"}
{"level":"info","message":"/api/images?filename=test.jpg&width=100&height=100&overwrite=no","service":"Image Processing API","timestamp":"2021-07-24 13:02:42"}
{"level":"info","message":"C:\\projects\\udacity\\projects\\Image-Processing-API\\src\\assets\\full\\test.jpg not found","service":"Image Processing API","timestamp":"2021-07-24 13:02:42"}
{"level":"info","message":"/api/images","service":"Image Processing API","timestamp":"2021-07-24 13:02:42"}
{"level":"info","message":"/api/images?filename=&width=100&height=100&overwrite=no","service":"Image Processing API","timestamp":"2021-07-24 13:02:42"}
{"level":"info","message":"No filename provided. ","service":"Image Processing API","timestamp":"2021-07-24 13:02:42"}
{"level":"info","message":"/api/images","service":"Image Processing API","timestamp":"2021-07-24 13:02:42"}
{"level":"info","message":"/api/images?filename=fjord.jpg&width=0&height=100&overwrite=no","service":"Image Processing API","timestamp":"2021-07-24 13:02:42"}
{"level":"info","message":"No width or height provided.","service":"Image Processing API","timestamp":"2021-07-24 13:02:42"}
{"level":"info","message":"/api/images","service":"Image Processing API","timestamp":"2021-07-24 13:02:42"}
{"level":"info","message":"/api/images?filename=fjord.jpg&width=200&height=100&overwrite=no","service":"Image Processing API","timestamp":"2021-07-24 13:02:42"}
{"level":"info","message":"Successful. C:\\projects\\udacity\\projects\\Image-Processing-API\\src\\assets\\resize\\fjord-w200-h100.jpg","service":"Image Processing API","timestamp":"2021-07-24 13:02:42"}
{"level":"info","message":"/","service":"Image Processing API","timestamp":"2021-07-25 20:15:53"}
{"level":"info","message":"/api/images","service":"Image Processing API","timestamp":"2021-07-25 20:15:53"}
{"level":"info","message":"/api/images?filename=test.jpg&width=100&height=100&overwrite=no","service":"Image Processing API","timestamp":"2021-07-25 20:15:53"}
{"level":"info","message":"C:\\projects\\udacity\\projects\\Image-Processing-API\\src\\assets\\full\\test.jpg not found","service":"Image Processing API","timestamp":"2021-07-25 20:15:53"}
{"level":"info","message":"/api/images","service":"Image Processing API","timestamp":"2021-07-25 20:15:53"}
{"level":"info","message":"/api/images?filename=&width=100&height=100&overwrite=no","service":"Image Processing API","timestamp":"2021-07-25 20:15:53"}
{"level":"info","message":"No filename provided. ","service":"Image Processing API","timestamp":"2021-07-25 20:15:53"}
{"level":"info","message":"/api/images","service":"Image Processing API","timestamp":"2021-07-25 20:15:53"}
{"level":"info","message":"/api/images?filename=fjord.jpg&width=0&height=100&overwrite=no","service":"Image Processing API","timestamp":"2021-07-25 20:15:53"}
{"level":"info","message":"No width or height provided.","service":"Image Processing API","timestamp":"2021-07-25 20:15:53"}
{"level":"info","message":"/api/images","service":"Image Processing API","timestamp":"2021-07-25 20:15:53"}
{"level":"info","message":"/api/images?filename=fjord.jpg&width=200&height=100&overwrite=no","service":"Image Processing API","timestamp":"2021-07-25 20:15:53"}
{"level":"info","message":"Successful. C:\\projects\\udacity\\projects\\Image-Processing-API\\src\\assets\\resize\\fjord-w200-h100.jpg","service":"Image Processing API","timestamp":"2021-07-25 20:15:53"}
{"level":"info","message":"/","service":"Image Processing API","timestamp":"2021-07-25 20:39:58"}
{"level":"info","message":"/api/images","service":"Image Processing API","timestamp":"2021-07-25 20:39:58"}
{"level":"info","message":"/api/images?filename=test.jpg&width=100&height=100&overwrite=no","service":"Image Processing API","timestamp":"2021-07-25 20:39:58"}
{"level":"info","message":"C:\\projects\\udacity\\projects\\Image-Processing-API\\src\\assets\\full\\test.jpg not found","service":"Image Processing API","timestamp":"2021-07-25 20:39:58"}
{"level":"info","message":"/api/images","service":"Image Processing API","timestamp":"2021-07-25 20:39:58"}
{"level":"info","message":"/api/images?filename=&width=100&height=100&overwrite=no","service":"Image Processing API","timestamp":"2021-07-25 20:39:58"}
{"level":"info","message":"No filename provided. ","service":"Image Processing API","timestamp":"2021-07-25 20:39:58"}
{"level":"info","message":"/api/images","service":"Image Processing API","timestamp":"2021-07-25 20:39:58"}
{"level":"info","message":"/api/images?filename=fjord.jpg&width=0&height=100&overwrite=no","service":"Image Processing API","timestamp":"2021-07-25 20:39:58"}
{"level":"info","message":"No width or height provided.","service":"Image Processing API","timestamp":"2021-07-25 20:39:58"}
{"level":"info","message":"/api/images","service":"Image Processing API","timestamp":"2021-07-25 20:39:58"}
{"level":"info","message":"/api/images?filename=fjord.jpg&width=200&height=100&overwrite=no","service":"Image Processing API","timestamp":"2021-07-25 20:39:58"}
{"level":"info","message":"Successful. C:\\projects\\udacity\\projects\\Image-Processing-API\\src\\assets\\resize\\fjord-w200-h100.jpg","service":"Image Processing API","timestamp":"2021-07-25 20:39:58"}
{"level":"info","message":"/","service":"Image Processing API","timestamp":"2021-07-25 20:40:55"}
{"level":"info","message":"/api/images","service":"Image Processing API","timestamp":"2021-07-25 20:40:55"}
{"level":"info","message":"/api/images?filename=test.jpg&width=100&height=100&overwrite=no","service":"Image Processing API","timestamp":"2021-07-25 20:40:55"}
{"level":"info","message":"C:\\projects\\udacity\\projects\\Image-Processing-API\\src\\assets\\full\\test.jpg not found","service":"Image Processing API","timestamp":"2021-07-25 20:40:55"}
{"level":"info","message":"/api/images","service":"Image Processing API","timestamp":"2021-07-25 20:40:55"}
{"level":"info","message":"/api/images?filename=&width=100&height=100&overwrite=no","service":"Image Processing API","timestamp":"2021-07-25 20:40:55"}
{"level":"info","message":"No filename provided. ","service":"Image Processing API","timestamp":"2021-07-25 20:40:55"}
{"level":"info","message":"/api/images","service":"Image Processing API","timestamp":"2021-07-25 20:40:55"}
{"level":"info","message":"/api/images?filename=fjord.jpg&width=0&height=100&overwrite=no","service":"Image Processing API","timestamp":"2021-07-25 20:40:55"}
{"level":"info","message":"No width or height provided.","service":"Image Processing API","timestamp":"2021-07-25 20:40:55"}
{"level":"info","message":"/api/images","service":"Image Processing API","timestamp":"2021-07-25 20:40:55"}
{"level":"info","message":"/api/images?filename=fjord.jpg&width=200&height=100&overwrite=no","service":"Image Processing API","timestamp":"2021-07-25 20:40:55"}
{"level":"info","message":"Successful. C:\\projects\\udacity\\projects\\Image-Processing-API\\src\\assets\\resize\\fjord-w200-h100.jpg","service":"Image Processing API","timestamp":"2021-07-25 20:40:55"}
{"level":"info","message":"/","service":"Image Processing API","timestamp":"2021-07-25 20:42:13"}
{"level":"info","message":"/api/images","service":"Image Processing API","timestamp":"2021-07-25 20:42:13"}
{"level":"info","message":"/api/images?filename=test.jpg&width=100&height=100&overwrite=no","service":"Image Processing API","timestamp":"2021-07-25 20:42:13"}
{"level":"info","message":"C:\\projects\\udacity\\projects\\Image-Processing-API\\src\\assets\\full\\test.jpg not found","service":"Image Processing API","timestamp":"2021-07-25 20:42:13"}
{"level":"info","message":"/api/images","service":"Image Processing API","timestamp":"2021-07-25 20:42:13"}
{"level":"info","message":"/api/images?filename=&width=100&height=100&overwrite=no","service":"Image Processing API","timestamp":"2021-07-25 20:42:13"}
{"level":"info","message":"No filename provided. ","service":"Image Processing API","timestamp":"2021-07-25 20:42:13"}
{"level":"info","message":"/api/images","service":"Image Processing API","timestamp":"2021-07-25 20:42:13"}
{"level":"info","message":"/api/images?filename=fjord.jpg&width=0&height=100&overwrite=no","service":"Image Processing API","timestamp":"2021-07-25 20:42:13"}
{"level":"info","message":"No width or height provided.","service":"Image Processing API","timestamp":"2021-07-25 20:42:13"}
{"level":"info","message":"/api/images","service":"Image Processing API","timestamp":"2021-07-25 20:42:13"}
{"level":"info","message":"/api/images?filename=fjord.jpg&width=200&height=100&overwrite=no","service":"Image Processing API","timestamp":"2021-07-25 20:42:13"}
{"level":"info","message":"Successful. C:\\projects\\udacity\\projects\\Image-Processing-API\\src\\assets\\resize\\fjord-w200-h100.jpg","service":"Image Processing API","timestamp":"2021-07-25 20:42:13"}
{"level":"info","message":"/","service":"Image Processing API","timestamp":"2021-07-25 20:45:30"}
{"level":"info","message":"/api/images","service":"Image Processing API","timestamp":"2021-07-25 20:45:30"}
{"level":"info","message":"/api/images?filename=test.jpg&width=100&height=100&overwrite=no","service":"Image Processing API","timestamp":"2021-07-25 20:45:30"}
{"level":"info","message":"C:\\projects\\udacity\\projects\\Image-Processing-API\\src\\assets\\full\\test.jpg not found","service":"Image Processing API","timestamp":"2021-07-25 20:45:30"}
{"level":"info","message":"/api/images","service":"Image Processing API","timestamp":"2021-07-25 20:45:30"}
{"level":"info","message":"/api/images?filename=&width=100&height=100&overwrite=no","service":"Image Processing API","timestamp":"2021-07-25 20:45:30"}
{"level":"info","message":"No filename provided. ","service":"Image Processing API","timestamp":"2021-07-25 20:45:30"}
{"level":"info","message":"/api/images","service":"Image Processing API","timestamp":"2021-07-25 20:45:30"}
{"level":"info","message":"/api/images?filename=fjord.jpg&width=0&height=100&overwrite=no","service":"Image Processing API","timestamp":"2021-07-25 20:45:30"}
{"level":"info","message":"No width or height provided.","service":"Image Processing API","timestamp":"2021-07-25 20:45:30"}
{"level":"info","message":"/api/images","service":"Image Processing API","timestamp":"2021-07-25 20:45:30"}
{"level":"info","message":"/api/images?filename=fjord.jpg&width=200&height=100&overwrite=no","service":"Image Processing API","timestamp":"2021-07-25 20:45:30"}
{"level":"info","message":"Successful. C:\\projects\\udacity\\projects\\Image-Processing-API\\src\\assets\\resize\\fjord-w200-h100.jpg","service":"Image Processing API","timestamp":"2021-07-25 20:45:30"}
{"level":"info","message":"/","service":"Image Processing API","timestamp":"2021-07-25 20:48:40"}
{"level":"info","message":"/api/images","service":"Image Processing API","timestamp":"2021-07-25 20:48:40"}
{"level":"info","message":"/api/images?filename=test.jpg&width=100&height=100&overwrite=no","service":"Image Processing API","timestamp":"2021-07-25 20:48:40"}
{"level":"info","message":"C:\\projects\\udacity\\projects\\Image-Processing-API\\src\\assets\\full\\test.jpg not found","service":"Image Processing API","timestamp":"2021-07-25 20:48:40"}
{"level":"info","message":"/api/images","service":"Image Processing API","timestamp":"2021-07-25 20:48:40"}
{"level":"info","message":"/api/images?filename=&width=100&height=100&overwrite=no","service":"Image Processing API","timestamp":"2021-07-25 20:48:40"}
{"level":"info","message":"No filename provided. ","service":"Image Processing API","timestamp":"2021-07-25 20:48:40"}
{"level":"info","message":"/api/images","service":"Image Processing API","timestamp":"2021-07-25 20:48:40"}
{"level":"info","message":"/api/images?filename=fjord.jpg&width=0&height=100&overwrite=no","service":"Image Processing API","timestamp":"2021-07-25 20:48:40"}
{"level":"info","message":"No width or height provided.","service":"Image Processing API","timestamp":"2021-07-25 20:48:40"}
{"level":"info","message":"/api/images","service":"Image Processing API","timestamp":"2021-07-25 20:48:40"}
{"level":"info","message":"/api/images?filename=fjord.jpg&width=200&height=100&overwrite=no","service":"Image Processing API","timestamp":"2021-07-25 20:48:40"}
{"level":"info","message":"Successful. C:\\projects\\udacity\\projects\\Image-Processing-API\\src\\assets\\resize\\fjord-w200-h100.jpg","service":"Image Processing API","timestamp":"2021-07-25 20:48:40"}
{"level":"info","message":"/","service":"Image Processing API","timestamp":"2021-07-26 19:44:24"}
{"level":"info","message":"/api/images","service":"Image Processing API","timestamp":"2021-07-26 19:44:24"}
{"level":"info","message":"/api/images?filename=test.jpg&width=100&height=100&overwrite=no","service":"Image Processing API","timestamp":"2021-07-26 19:44:24"}
{"level":"info","message":"C:\\projects\\udacity\\projects\\Image-Processing-API\\src\\assets\\full\\test.jpg not found","service":"Image Processing API","timestamp":"2021-07-26 19:44:24"}
{"level":"info","message":"/api/images","service":"Image Processing API","timestamp":"2021-07-26 19:44:24"}
{"level":"info","message":"/api/images?filename=&width=100&height=100&overwrite=no","service":"Image Processing API","timestamp":"2021-07-26 19:44:24"}
{"level":"info","message":"No filename provided. ","service":"Image Processing API","timestamp":"2021-07-26 19:44:24"}
{"level":"info","message":"/api/images","service":"Image Processing API","timestamp":"2021-07-26 19:44:24"}
{"level":"info","message":"/api/images?filename=fjord.jpg&width=0&height=100&overwrite=no","service":"Image Processing API","timestamp":"2021-07-26 19:44:24"}
{"level":"info","message":"No width or height provided.","service":"Image Processing API","timestamp":"2021-07-26 19:44:24"}
{"level":"info","message":"/api/images","service":"Image Processing API","timestamp":"2021-07-26 19:44:24"}
{"level":"info","message":"/api/images?filename=fjord.jpg&width=200&height=100&overwrite=no","service":"Image Processing API","timestamp":"2021-07-26 19:44:24"}
{"level":"info","message":"Successful. C:\\projects\\udacity\\projects\\Image-Processing-API\\src\\assets\\resize\\fjord-w200-h100.jpg","service":"Image Processing API","timestamp":"2021-07-26 19:44:24"}
{"level":"info","message":"/","service":"Image Processing API","timestamp":"2021-07-26 19:45:23"}
{"level":"info","message":"/api/images","service":"Image Processing API","timestamp":"2021-07-26 19:45:23"}
{"level":"info","message":"/api/images?filename=test.jpg&width=100&height=100&overwrite=no","service":"Image Processing API","timestamp":"2021-07-26 19:45:23"}
{"level":"info","message":"C:\\projects\\udacity\\projects\\Image-Processing-API\\src\\assets\\full\\test.jpg not found","service":"Image Processing API","timestamp":"2021-07-26 19:45:23"}
{"level":"info","message":"/api/images","service":"Image Processing API","timestamp":"2021-07-26 19:45:23"}
{"level":"info","message":"/api/images?filename=&width=100&height=100&overwrite=no","service":"Image Processing API","timestamp":"2021-07-26 19:45:23"}
{"level":"info","message":"No filename provided. ","service":"Image Processing API","timestamp":"2021-07-26 19:45:23"}
{"level":"info","message":"/api/images","service":"Image Processing API","timestamp":"2021-07-26 19:45:23"}
{"level":"info","message":"/api/images?filename=fjord.jpg&width=0&height=100&overwrite=no","service":"Image Processing API","timestamp":"2021-07-26 19:45:23"}
{"level":"info","message":"No width or height provided.","service":"Image Processing API","timestamp":"2021-07-26 19:45:23"}
{"level":"info","message":"/api/images","service":"Image Processing API","timestamp":"2021-07-26 19:45:23"}
{"level":"info","message":"/api/images?filename=fjord.jpg&width=200&height=100&overwrite=no","service":"Image Processing API","timestamp":"2021-07-26 19:45:23"}
{"level":"info","message":"Successful. C:\\projects\\udacity\\projects\\Image-Processing-API\\src\\assets\\resize\\fjord-w200-h100.jpg","service":"Image Processing API","timestamp":"2021-07-26 19:45:23"}
{"level":"info","message":"/","service":"Image Processing API","timestamp":"2021-07-26 19:46:07"}
{"level":"info","message":"/api/images","service":"Image Processing API","timestamp":"2021-07-26 19:46:07"}
{"level":"info","message":"/api/images?filename=test.jpg&width=100&height=100&overwrite=no","service":"Image Processing API","timestamp":"2021-07-26 19:46:07"}
{"level":"info","message":"C:\\projects\\udacity\\projects\\Image-Processing-API\\src\\assets\\full\\test.jpg not found","service":"Image Processing API","timestamp":"2021-07-26 19:46:07"}
{"level":"info","message":"/api/images","service":"Image Processing API","timestamp":"2021-07-26 19:46:07"}
{"level":"info","message":"/api/images?filename=&width=100&height=100&overwrite=no","service":"Image Processing API","timestamp":"2021-07-26 19:46:07"}
{"level":"info","message":"No filename provided. ","service":"Image Processing API","timestamp":"2021-07-26 19:46:07"}
{"level":"info","message":"/api/images","service":"Image Processing API","timestamp":"2021-07-26 19:46:07"}
{"level":"info","message":"/api/images?filename=fjord.jpg&width=0&height=100&overwrite=no","service":"Image Processing API","timestamp":"2021-07-26 19:46:07"}
{"level":"info","message":"No width or height provided.","service":"Image Processing API","timestamp":"2021-07-26 19:46:07"}
{"level":"info","message":"/api/images","service":"Image Processing API","timestamp":"2021-07-26 19:46:07"}
{"level":"info","message":"/api/images?filename=fjord.jpg&width=200&height=100&overwrite=no","service":"Image Processing API","timestamp":"2021-07-26 19:46:07"}
{"level":"info","message":"Successful. C:\\projects\\udacity\\projects\\Image-Processing-API\\src\\assets\\resize\\fjord-w200-h100.jpg","service":"Image Processing API","timestamp":"2021-07-26 19:46:07"}
{"level":"info","message":"/api/images","service":"Image Processing API","timestamp":"2021-07-26 19:46:07"}
{"level":"info","message":"/api/images?filename=fjord.jpg&width=200&height=100&overwrite=yes","service":"Image Processing API","timestamp":"2021-07-26 19:46:07"}
{"level":"info","message":"Successful. C:\\projects\\udacity\\projects\\Image-Processing-API\\src\\assets\\resize\\fjord-w200-h100.jpg","service":"Image Processing API","timestamp":"2021-07-26 19:46:07"}
{"level":"info","message":"/","service":"Image Processing API","timestamp":"2021-07-26 19:48:02"}
{"level":"info","message":"/api/images","service":"Image Processing API","timestamp":"2021-07-26 19:48:02"}
{"level":"info","message":"/api/images?filename=test.jpg&width=100&height=100&overwrite=no","service":"Image Processing API","timestamp":"2021-07-26 19:48:02"}
{"level":"info","message":"C:\\projects\\udacity\\projects\\Image-Processing-API\\src\\assets\\full\\test.jpg not found","service":"Image Processing API","timestamp":"2021-07-26 19:48:02"}
{"level":"info","message":"/api/images","service":"Image Processing API","timestamp":"2021-07-26 19:48:02"}
{"level":"info","message":"/api/images?filename=&width=100&height=100&overwrite=no","service":"Image Processing API","timestamp":"2021-07-26 19:48:02"}
{"level":"info","message":"No filename provided. ","service":"Image Processing API","timestamp":"2021-07-26 19:48:02"}
{"level":"info","message":"/api/images","service":"Image Processing API","timestamp":"2021-07-26 19:48:02"}
{"level":"info","message":"/api/images?filename=fjord.jpg&width=0&height=100&overwrite=no","service":"Image Processing API","timestamp":"2021-07-26 19:48:02"}
{"level":"info","message":"No width or height provided.","service":"Image Processing API","timestamp":"2021-07-26 19:48:02"}
{"level":"info","message":"/api/images","service":"Image Processing API","timestamp":"2021-07-26 19:48:02"}
{"level":"info","message":"/api/images?filename=fjord.jpg&width=200&height=100&overwrite=no","service":"Image Processing API","timestamp":"2021-07-26 19:48:02"}
{"level":"info","message":"Successful. C:\\projects\\udacity\\projects\\Image-Processing-API\\src\\assets\\resize\\fjord-w200-h100.jpg","service":"Image Processing API","timestamp":"2021-07-26 19:48:02"}
{"level":"info","message":"/api/images","service":"Image Processing API","timestamp":"2021-07-26 19:48:02"}
{"level":"info","message":"/api/images?filename=fjord.jpg&width=200&height=100&overwrite=yes","service":"Image Processing API","timestamp":"2021-07-26 19:48:02"}
{"level":"info","message":"Successful. C:\\projects\\udacity\\projects\\Image-Processing-API\\src\\assets\\resize\\fjord-w200-h100.jpg","service":"Image Processing API","timestamp":"2021-07-26 19:48:02"}
{"level":"info","message":"/","service":"Image Processing API","timestamp":"2021-07-26 19:51:11"}
{"level":"info","message":"/api/images","service":"Image Processing API","timestamp":"2021-07-26 19:51:11"}
{"level":"info","message":"/api/images?filename=test.jpg&width=100&height=100&overwrite=no","service":"Image Processing API","timestamp":"2021-07-26 19:51:11"}
{"level":"info","message":"C:\\projects\\udacity\\projects\\Image-Processing-API\\src\\assets\\full\\test.jpg not found","service":"Image Processing API","timestamp":"2021-07-26 19:51:11"}
{"level":"info","message":"/api/images","service":"Image Processing API","timestamp":"2021-07-26 19:51:11"}
{"level":"info","message":"/api/images?filename=&width=100&height=100&overwrite=no","service":"Image Processing API","timestamp":"2021-07-26 19:51:11"}
{"level":"info","message":"No filename provided. ","service":"Image Processing API","timestamp":"2021-07-26 19:51:11"}
{"level":"info","message":"/api/images","service":"Image Processing API","timestamp":"2021-07-26 19:51:11"}
{"level":"info","message":"/api/images?filename=fjord.jpg&width=0&height=100&overwrite=no","service":"Image Processing API","timestamp":"2021-07-26 19:51:11"}
{"level":"info","message":"No width or height provided.","service":"Image Processing API","timestamp":"2021-07-26 19:51:11"}
{"level":"info","message":"/api/images","service":"Image Processing API","timestamp":"2021-07-26 19:51:11"}
{"level":"info","message":"/api/images?filename=fjord.jpg&width=200&height=100&overwrite=no","service":"Image Processing API","timestamp":"2021-07-26 19:51:11"}
{"level":"info","message":"Successful. C:\\projects\\udacity\\projects\\Image-Processing-API\\src\\assets\\resize\\fjord-w200-h100.jpg","service":"Image Processing API","timestamp":"2021-07-26 19:51:11"}
{"level":"info","message":"/api/images","service":"Image Processing API","timestamp":"2021-07-26 19:51:11"}
{"level":"info","message":"/api/images?filename=fjord.jpg&width=200&height=100&overwrite=yes","service":"Image Processing API","timestamp":"2021-07-26 19:51:11"}
{"level":"info","message":"Successful. C:\\projects\\udacity\\projects\\Image-Processing-API\\src\\assets\\resize\\fjord-w200-h100.jpg","service":"Image Processing API","timestamp":"2021-07-26 19:51:11"}
{"level":"info","message":"/","service":"Image Processing API","timestamp":"2021-07-28 20:36:06"}
{"level":"info","message":"/api/images","service":"Image Processing API","timestamp":"2021-07-28 20:36:06"}
{"level":"info","message":"/api/images?filename=test.jpg&width=100&height=100&overwrite=no","service":"Image Processing API","timestamp":"2021-07-28 20:36:06"}
{"level":"info","message":"C:\\projects\\udacity\\projects\\Image-Processing-API\\src\\assets\\full\\test.jpg not found","service":"Image Processing API","timestamp":"2021-07-28 20:36:06"}
{"level":"info","message":"/api/images","service":"Image Processing API","timestamp":"2021-07-28 20:36:06"}
{"level":"info","message":"/api/images?filename=&width=100&height=100&overwrite=no","service":"Image Processing API","timestamp":"2021-07-28 20:36:06"}
{"level":"info","message":"No filename provided. ","service":"Image Processing API","timestamp":"2021-07-28 20:36:06"}
{"level":"info","message":"/api/images","service":"Image Processing API","timestamp":"2021-07-28 20:36:06"}
{"level":"info","message":"/api/images?filename=fjord.jpg&width=0&height=100&overwrite=no","service":"Image Processing API","timestamp":"2021-07-28 20:36:06"}
{"level":"info","message":"No width or height provided.","service":"Image Processing API","timestamp":"2021-07-28 20:36:06"}
{"level":"info","message":"/api/images","service":"Image Processing API","timestamp":"2021-07-28 20:36:06"}
{"level":"info","message":"/api/images?filename=fjord.jpg&width=200&height=100&overwrite=no","service":"Image Processing API","timestamp":"2021-07-28 20:36:06"}
{"level":"info","message":"Successful. C:\\projects\\udacity\\projects\\Image-Processing-API\\src\\assets\\resize\\fjord-w200-h100.jpg","service":"Image Processing API","timestamp":"2021-07-28 20:36:06"}
{"level":"info","message":"/api/images","service":"Image Processing API","timestamp":"2021-07-28 20:36:06"}
{"level":"info","message":"/api/images?filename=fjord.jpg&width=200&height=100&overwrite=yes","service":"Image Processing API","timestamp":"2021-07-28 20:36:06"}
{"level":"info","message":"Successful. C:\\projects\\udacity\\projects\\Image-Processing-API\\src\\assets\\resize\\fjord-w200-h100.jpg","service":"Image Processing API","timestamp":"2021-07-28 20:36:06"}
{"level":"info","message":"/","service":"Image Processing API","timestamp":"2021-07-28 20:36:48"}
{"level":"info","message":"/api/images","service":"Image Processing API","timestamp":"2021-07-28 20:36:48"}
{"level":"info","message":"/api/images?filename=test.jpg&width=100&height=100&overwrite=no","service":"Image Processing API","timestamp":"2021-07-28 20:36:48"}
{"level":"info","message":"C:\\projects\\udacity\\projects\\Image-Processing-API\\src\\assets\\full\\test.jpg not found","service":"Image Processing API","timestamp":"2021-07-28 20:36:48"}
{"level":"info","message":"/api/images","service":"Image Processing API","timestamp":"2021-07-28 20:36:48"}
{"level":"info","message":"/api/images?filename=&width=100&height=100&overwrite=no","service":"Image Processing API","timestamp":"2021-07-28 20:36:48"}
{"level":"info","message":"No filename provided. ","service":"Image Processing API","timestamp":"2021-07-28 20:36:48"}
{"level":"info","message":"/api/images","service":"Image Processing API","timestamp":"2021-07-28 20:36:48"}
{"level":"info","message":"/api/images?filename=fjord.jpg&width=0&height=100&overwrite=no","service":"Image Processing API","timestamp":"2021-07-28 20:36:48"}
{"level":"info","message":"No width or height provided.","service":"Image Processing API","timestamp":"2021-07-28 20:36:48"}
{"level":"info","message":"/api/images","service":"Image Processing API","timestamp":"2021-07-28 20:36:48"}
{"level":"info","message":"/api/images?filename=fjord.jpg&width=200&height=100&overwrite=no","service":"Image Processing API","timestamp":"2021-07-28 20:36:48"}
{"level":"info","message":"Successful. C:\\projects\\udacity\\projects\\Image-Processing-API\\src\\assets\\resize\\fjord-w200-h100.jpg","service":"Image Processing API","timestamp":"2021-07-28 20:36:48"}
{"level":"info","message":"/api/images","service":"Image Processing API","timestamp":"2021-07-28 20:36:48"}
{"level":"info","message":"/api/images?filename=fjord.jpg&width=200&height=100&overwrite=yes","service":"Image Processing API","timestamp":"2021-07-28 20:36:48"}
{"level":"info","message":"Successful. C:\\projects\\udacity\\projects\\Image-Processing-API\\src\\assets\\resize\\fjord-w200-h100.jpg","service":"Image Processing API","timestamp":"2021-07-28 20:36:48"}
